<?xml version="1.0" encoding="UTF-8"?>
<!-- Generated by org.testng.reporters.JUnitXMLReporter -->
<testsuite hostname="DESKTOP-JRH31QL" ignored="0" name="Test" tests="6" failures="0" timestamp="29 Jun 2019 06:40:11 GMT" time="0.105" errors="0">
  <testcase name="BrowserAUtomation" time="0.016" classname="com.mycompany.app.SeleniumTest"/>
  <testcase name="elementsUi" time="0.003" classname="com.mycompany.app.SeleniumTest"/>
  <testcase name="deleteTwitter" time="0.002" classname="com.mycompany.app.RESTAPITest"/>
  <testcase name="postJira" time="0.002" classname="com.mycompany.app.RESTAPITest"/>
  <testcase name="IOSApps" time="0.002" classname="com.mycompany.app.AppiumTest"/>
  <testcase name="NativeApAndroid" time="0.002" classname="com.mycompany.app.AppiumTest"/>
</testsuite> <!-- Test -->
