<?xml version="1.0" encoding="UTF-8"?>
<!-- Generated by org.testng.reporters.JUnitXMLReporter -->
<testsuite hostname="DESKTOP-JRH31QL" name="Command line test" tests="6" failures="0" timestamp="22 Jul 2019 05:05:48 GMT" time="0.033" errors="0">
  <testcase name="IOSApps" time="0.008" classname="com.mycompany.app.AppiumTest"/>
  <testcase name="NativeApAndroid" time="0.001" classname="com.mycompany.app.AppiumTest"/>
  <testcase name="deleteTwitter" time="0.001" classname="com.mycompany.app.RESTAPITest"/>
  <testcase name="postJira" time="0.001" classname="com.mycompany.app.RESTAPITest"/>
  <testcase name="BrowserAUtomation" time="0.001" classname="com.mycompany.app.SeleniumTest"/>
  <testcase name="elementsUi" time="0.001" classname="com.mycompany.app.SeleniumTest"/>
</testsuite> <!-- Command line test -->
