<?xml version="1.0" encoding="UTF-8"?>
<!-- Generated by org.testng.reporters.JUnitXMLReporter -->
<testsuite hostname="DESKTOP-JRH31QL" name="Test" tests="4" failures="0" timestamp="10 Jun 2019 17:55:59 GMT" time="0.026" errors="0">
  <testcase name="BrowserAUtomation" time="0.009" classname="com.mycompany.app.SeleniumTest"/>
  <testcase name="elementsUi" time="0.001" classname="com.mycompany.app.SeleniumTest"/>
  <testcase name="deleteTwitter" time="0.001" classname="com.mycompany.app.RESTAPITest"/>
  <testcase name="postJira" time="0.001" classname="com.mycompany.app.RESTAPITest"/>
</testsuite> <!-- Test -->
